<?xml version="1.0" encoding="utf-8"?>
<shfbBuild product="Sandcastle Help File Builder" version="2014.4.22.0" projectFile="E:\Telerik\TeamWork\Battle-Field-2\trunk\Battle-Field-2\BattleFieldGame\Battle Field Documentation.shfbproj" started="27.7.2014 г. 22:53:15">
<buildStep step="Initializing">
Finding tools...
The Sandcastle tools are located in &#39;C:\Program Files (x86)\EWSoftware\Sandcastle Help File Builder\&#39;
Searching for HTML Help 1 compiler...
Found HTML Help 1 compiler in &#39;C:\Program Files (x86)\HTML Help Workshop\&#39;
Locating components in the following folder(s):
   E:\Telerik\TeamWork\Battle-Field-2\trunk\Battle-Field-2\BattleFieldGame
Using presentation style &#39;VS2005&#39; located in &#39;C:\Program Files (x86)\EWSoftware\Sandcastle Help File Builder\PresentationStyles\VS2005&#39;
</buildStep>
<buildStep step="ClearWorkFolder">
Clearing working folder...
</buildStep>
<buildStep step="ValidatingDocumentationSources">
Validating and copying documentation source information
Source: E:\Telerik\TeamWork\Battle-Field-2\trunk\Battle-Field-2\BattleFieldGame\BattleFieldGame.sln
    Found project &#39;E:\Telerik\TeamWork\Battle-Field-2\trunk\Battle-Field-2\BattleFieldGame\BattleFieldGame.csproj&#39;
    Found project &#39;E:\Telerik\TeamWork\Battle-Field-2\trunk\Battle-Field-2\BattleFieldGame\..\BattleFieldGameTests\BattleFieldGameTests.csproj&#39;

Parsing project files
    Found assembly &#39;E:\Telerik\TeamWork\Battle-Field-2\trunk\Battle-Field-2\BattleFieldGame\bin\Debug\BattleFieldGame.exe&#39;
    Found assembly &#39;E:\Telerik\TeamWork\Battle-Field-2\trunk\Battle-Field-2\BattleFieldGameTests\bin\Debug\BattleFieldGameTests.dll&#39;
SHFB: Warning BE0007: A project with a different or higher framework version was found.  Changing project FrameworkVersion property from &#39;.NET Framework 4.0&#39; to &#39;.NET Framework 4.5&#39; for the build.

References to include (excluding framework assemblies):
    Microsoft.VisualStudio.QualityTools.UnitTestFramework
SHFB: Warning BE0062: No XML comments files found.  The help file will not contain any member comments.
</buildStep>
<buildStep step="GenerateSharedContent">
Generating shared content files (en-US, English (United States))...
    Last step completed in 00:00:00.1665
</buildStep>
<buildStep step="GenerateApiFilter">
Generating API filter for MRefBuilder...
    Last step completed in 00:00:00.0070
</buildStep>
<buildStep step="GenerateReflectionInfo">
Generating reflection information...
[C:\Windows\Microsoft.NET\Framework64\v4.0.30319\MSBuild.exe]
Build started 27.7.2014 Ј. 22:53:17.
Project &quot;E:\Telerik\TeamWork\Battle-Field-2\trunk\Battle-Field-2\BattleFieldGame\Help\Working\GenerateRefInfo.proj&quot; on node 1 (default targets).
PrepareForBuild:
  Creating directory &quot;obj\Debug\&quot;.
GenerateRefInfo:
  MRefBuilder (v2014.1.26.0)
  Copyright c 2006-2014, Microsoft Corporation, All Rights Reserved.
  Portions Copyright c 2006-2014, Eric Woodruff, All Rights Reserved.
  Loaded 2 assemblies for reflection and 2 dependency assemblies.
  Wrote information on 10 namespaces, 30 types, and 80 members
  Copying file from &quot;reflection.org&quot; to &quot;reflection.all&quot;.
  XslTransform (v2014.1.26.0)
  Copyright c 2006-2014, Microsoft Corporation, All Rights Reserved.
  Portions Copyright c 2006-2014, Eric Woodruff, All Rights Reserved.
  Applying XSL transformation &#39;C:\Program Files (x86)\EWSoftware\Sandcastle Help File Builder\ProductionTransforms\MergeDuplicates.xsl&#39;.
Done Building Project &quot;E:\Telerik\TeamWork\Battle-Field-2\trunk\Battle-Field-2\BattleFieldGame\Help\Working\GenerateRefInfo.proj&quot; (default targets).

Build succeeded.

Time Elapsed 00:00:04.76
    Last step completed in 00:00:05.7337
</buildStep>
<buildStep step="TransformReflectionInfo">
Transforming reflection output...
[C:\Windows\Microsoft.NET\Framework64\v4.0.30319\MSBuild.exe]
Build started 27.7.2014 Ј. 22:53:22.
Project &quot;E:\Telerik\TeamWork\Battle-Field-2\trunk\Battle-Field-2\BattleFieldGame\Help\Working\TransformManifest.proj&quot; on node 1 (default targets).
TransformManifest:
  XslTransform (v2014.1.26.0)
  Copyright c 2006-2014, Microsoft Corporation, All Rights Reserved.
  Portions Copyright c 2006-2014, Eric Woodruff, All Rights Reserved.
  Applying XSL transformation &#39;C:\Program Files (x86)\EWSoftware\Sandcastle Help File Builder\\ProductionTransforms\ApplyVSDocModel.xsl&#39;.
  Copying file from &quot;reflection.xml&quot; to &quot;reflection.nofilenames&quot;.
  XslTransform (v2014.1.26.0)
  Copyright c 2006-2014, Microsoft Corporation, All Rights Reserved.
  Portions Copyright c 2006-2014, Eric Woodruff, All Rights Reserved.
  Applying XSL transformation &#39;C:\Program Files (x86)\EWSoftware\Sandcastle Help File Builder\ProductionTransforms\AddFilenames.xsl&#39;.
  XslTransform (v2014.1.26.0)
  Copyright c 2006-2014, Microsoft Corporation, All Rights Reserved.
  Portions Copyright c 2006-2014, Eric Woodruff, All Rights Reserved.
  Applying XSL transformation &#39;C:\Program Files (x86)\EWSoftware\Sandcastle Help File Builder\ProductionTransforms\ReflectionToManifest.xsl&#39;.
Done Building Project &quot;E:\Telerik\TeamWork\Battle-Field-2\trunk\Battle-Field-2\BattleFieldGame\Help\Working\TransformManifest.proj&quot; (default targets).

Build succeeded.

Time Elapsed 00:00:02.81
    Last step completed in 00:00:03.4914
</buildStep>
<buildStep step="GenerateNamespaceSummaries">
Generating namespace summary information...
    Last step completed in 00:00:00.1568
</buildStep>
<buildStep step="CopyAdditionalContent">
Copying additional content files...
No additional content to copy
    Last step completed in 00:00:00.0150
</buildStep>
<buildStep step="MergeTablesOfContents">
Merging conceptual and additional tables of contents...
    Last step completed in 00:00:00.0040
</buildStep>
<buildStep step="GenerateIntermediateTableOfContents">
Generating intermediate table of contents file...
[C:\Windows\Microsoft.NET\Framework64\v4.0.30319\MSBuild.exe]
Build started 27.7.2014 Ј. 22:53:26.
Project &quot;E:\Telerik\TeamWork\Battle-Field-2\trunk\Battle-Field-2\BattleFieldGame\Help\Working\GenerateIntermediateTOC.proj&quot; on node 1 (default targets).
GenerateIntermediateTOC:
  XslTransform (v2014.1.26.0)
  Copyright c 2006-2014, Microsoft Corporation, All Rights Reserved.
  Portions Copyright c 2006-2014, Eric Woodruff, All Rights Reserved.
  Applying XSL transformation &#39;C:\Program Files (x86)\EWSoftware\Sandcastle Help File Builder\\ProductionTransforms\CreateVSToc.xsl&#39;.
Done Building Project &quot;E:\Telerik\TeamWork\Battle-Field-2\trunk\Battle-Field-2\BattleFieldGame\Help\Working\GenerateIntermediateTOC.proj&quot; (default targets).

Build succeeded.

Time Elapsed 00:00:01.37
Generating conceptual content intermediate TOC file...
    Last step completed in 00:00:02.0171
</buildStep>
<buildStep step="CreateBuildAssemblerConfigs">
Creating Sandcastle configuration files...
    sandcastle.config
    Last step completed in 00:00:00.2647
</buildStep>
<buildStep step="MergeCustomConfigs">
Merging custom build component configurations
E:\Telerik\TeamWork\Battle-Field-2\trunk\Battle-Field-2\BattleFieldGame\Help\Working\sandcastle.config
    Last step completed in 00:00:00.0330
</buildStep>
<buildStep step="BuildReferenceTopics">
Building reference help topics...
[C:\Windows\Microsoft.NET\Framework64\v4.0.30319\MSBuild.exe]
Build started 27.7.2014 Ј. 22:53:28.
Project &quot;E:\Telerik\TeamWork\Battle-Field-2\trunk\Battle-Field-2\BattleFieldGame\Help\Working\BuildReferenceTopics.proj&quot; on node 1 (default targets).
BuildReferenceTopics:
  BuildAssembler (v2014.1.26.0)
  Copyright c 2006-2014, Microsoft Corporation, All Rights Reserved.
  Portions Copyright c 2006-2014, Eric Woodruff, All Rights Reserved.
  Loading configuration...
  Processing topics...
BuildAssembler : warning : ShowMissingComponent: [N:BattleFieldGame] Missing &lt;summary&gt; documentation [E:\Telerik\TeamWork\Battle-Field-2\trunk\Battle-Field-2\BattleFieldGame\Help\Working\BuildReferenceTopics.proj]
BuildAssembler : warning : ShowMissingComponent: [T:BattleFieldGame.ConsoleReader] Missing &lt;summary&gt; documentation [E:\Telerik\TeamWork\Battle-Field-2\trunk\Battle-Field-2\BattleFieldGame\Help\Working\BuildReferenceTopics.proj]
BuildAssembler : warning : ShowMissingComponent: [M:BattleFieldGame.ConsoleReader.Read] Missing &lt;summary&gt; documentation [E:\Telerik\TeamWork\Battle-Field-2\trunk\Battle-Field-2\BattleFieldGame\Help\Working\BuildReferenceTopics.proj]
BuildAssembler : warning : ShowMissingComponent: [M:BattleFieldGame.ConsoleReader.Read] Missing &lt;returns&gt; documentation [E:\Telerik\TeamWork\Battle-Field-2\trunk\Battle-Field-2\BattleFieldGame\Help\Working\BuildReferenceTopics.proj]
BuildAssembler : warning : ShowMissingComponent: [T:BattleFieldGame.Program] Missing &lt;summary&gt; documentation [E:\Telerik\TeamWork\Battle-Field-2\trunk\Battle-Field-2\BattleFieldGame\Help\Working\BuildReferenceTopics.proj]
BuildAssembler : warning : ShowMissingComponent: [M:BattleFieldGame.Program.Main] Missing &lt;summary&gt; documentation [E:\Telerik\TeamWork\Battle-Field-2\trunk\Battle-Field-2\BattleFieldGame\Help\Working\BuildReferenceTopics.proj]
BuildAssembler : warning : ShowMissingComponent: [N:BattleFieldGame.DetonationStretegies] Missing &lt;summary&gt; documentation [E:\Telerik\TeamWork\Battle-Field-2\trunk\Battle-Field-2\BattleFieldGame\Help\Working\BuildReferenceTopics.proj]
BuildAssembler : warning : ShowMissingComponent: [T:BattleFieldGame.DetonationStretegies.DetonationStrategyFactory] Missing &lt;summary&gt; documentation [E:\Telerik\TeamWork\Battle-Field-2\trunk\Battle-Field-2\BattleFieldGame\Help\Working\BuildReferenceTopics.proj]
BuildAssembler : warning : ShowMissingComponent: [M:BattleFieldGame.DetonationStretegies.DetonationStrategyFactory.GetDetonationStrategy(BattleFieldGame.Helpers.MineDetonationType)] Missing &lt;summary&gt; documentation [E:\Telerik\TeamWork\Battle-Field-2\trunk\Battle-Field-2\BattleFieldGame\Help\Working\BuildReferenceTopics.proj]
BuildAssembler : warning : ShowMissingComponent: [M:BattleFieldGame.DetonationStretegies.DetonationStrategyFactory.GetDetonationStrategy(BattleFieldGame.Helpers.MineDetonationType)] Missing &lt;returns&gt; documentation [E:\Telerik\TeamWork\Battle-Field-2\trunk\Battle-Field-2\BattleFieldGame\Help\Working\BuildReferenceTopics.proj]
BuildAssembler : warning : ShowMissingComponent: [M:BattleFieldGame.DetonationStretegies.DetonationStrategyFactory.GetDetonationStrategy(BattleFieldGame.Helpers.MineDetonationType)] Missing &lt;param name=&quot;detonationType&quot;/&gt; documentation [E:\Telerik\TeamWork\Battle-Field-2\trunk\Battle-Field-2\BattleFieldGame\Help\Working\BuildReferenceTopics.proj]
BuildAssembler : warning : ShowMissingComponent: [N:BattleFieldGame.Engine] Missing &lt;summary&gt; documentation [E:\Telerik\TeamWork\Battle-Field-2\trunk\Battle-Field-2\BattleFieldGame\Help\Working\BuildReferenceTopics.proj]
BuildAssembler : warning : ShowMissingComponent: [T:BattleFieldGame.Engine.GameEngine] Missing &lt;summary&gt; documentation [E:\Telerik\TeamWork\Battle-Field-2\trunk\Battle-Field-2\BattleFieldGame\Help\Working\BuildReferenceTopics.proj]
BuildAssembler : warning : ShowMissingComponent: [M:BattleFieldGame.Engine.GameEngine.#ctor(BattleFieldGame.Keyboard.ICommandReader,BattleFieldGame.Keyboard.ConsoleIO.IConsoleWriter,BattleFieldGame.GameObjects.GameField.IGameField)] Missing &lt;param name=&quot;commandReader&quot;/&gt; documentation [E:\Telerik\TeamWork\Battle-Field-2\trunk\Battle-Field-2\BattleFieldGame\Help\Working\BuildReferenceTopics.proj]
BuildAssembler : warning : ShowMissingComponent: [M:BattleFieldGame.Engine.GameEngine.#ctor(BattleFieldGame.Keyboard.ICommandReader,BattleFieldGame.Keyboard.ConsoleIO.IConsoleWriter,BattleFieldGame.GameObjects.GameField.IGameField)] Missing &lt;param name=&quot;render&quot;/&gt; documentation [E:\Telerik\TeamWork\Battle-Field-2\trunk\Battle-Field-2\BattleFieldGame\Help\Working\BuildReferenceTopics.proj]
BuildAssembler : warning : ShowMissingComponent: [M:BattleFieldGame.Engine.GameEngine.#ctor(BattleFieldGame.Keyboard.ICommandReader,BattleFieldGame.Keyboard.ConsoleIO.IConsoleWriter,BattleFieldGame.GameObjects.GameField.IGameField)] Missing &lt;param name=&quot;field&quot;/&gt; documentation [E:\Telerik\TeamWork\Battle-Field-2\trunk\Battle-Field-2\BattleFieldGame\Help\Working\BuildReferenceTopics.proj]
BuildAssembler : warning : ShowMissingComponent: [M:BattleFieldGame.Engine.GameEngine.StartBattleFieldGame] Missing &lt;summary&gt; documentation [E:\Telerik\TeamWork\Battle-Field-2\trunk\Battle-Field-2\BattleFieldGame\Help\Working\BuildReferenceTopics.proj]
BuildAssembler : warning : ShowMissingComponent: [T:BattleFieldGame.Engine.GameEngineFactory] Missing &lt;summary&gt; documentation [E:\Telerik\TeamWork\Battle-Field-2\trunk\Battle-Field-2\BattleFieldGame\Help\Working\BuildReferenceTopics.proj]
BuildAssembler : warning : ShowMissingComponent: [M:BattleFieldGame.Engine.GameEngineFactory.GetGameEngine(BattleFieldGame.Engine.GameEngineType)] Missing &lt;summary&gt; documentation [E:\Telerik\TeamWork\Battle-Field-2\trunk\Battle-Field-2\BattleFieldGame\Help\Working\BuildReferenceTopics.proj]
BuildAssembler : warning : ShowMissingComponent: [M:BattleFieldGame.Engine.GameEngineFactory.GetGameEngine(BattleFieldGame.Engine.GameEngineType)] Missing &lt;returns&gt; documentation [E:\Telerik\TeamWork\Battle-Field-2\trunk\Battle-Field-2\BattleFieldGame\Help\Working\BuildReferenceTopics.proj]
BuildAssembler : warning : ShowMissingComponent: [M:BattleFieldGame.Engine.GameEngineFactory.GetGameEngine(BattleFieldGame.Engine.GameEngineType)] Missing &lt;param name=&quot;gameEngineType&quot;/&gt; documentation [E:\Telerik\TeamWork\Battle-Field-2\trunk\Battle-Field-2\BattleFieldGame\Help\Working\BuildReferenceTopics.proj]
BuildAssembler : warning : ShowMissingComponent: [T:BattleFieldGame.Engine.GameEngineType] Missing &lt;summary&gt; documentation [E:\Telerik\TeamWork\Battle-Field-2\trunk\Battle-Field-2\BattleFieldGame\Help\Working\BuildReferenceTopics.proj]
BuildAssembler : warning : ShowMissingComponent: [T:BattleFieldGame.Engine.IGameEngine] Missing &lt;summary&gt; documentation [E:\Telerik\TeamWork\Battle-Field-2\trunk\Battle-Field-2\BattleFieldGame\Help\Working\BuildReferenceTopics.proj]
BuildAssembler : warning : ShowMissingComponent: [M:BattleFieldGame.Engine.IGameEngine.StartBattleFieldGame] Missing &lt;summary&gt; documentation [E:\Telerik\TeamWork\Battle-Field-2\trunk\Battle-Field-2\BattleFieldGame\Help\Working\BuildReferenceTopics.proj]
BuildAssembler : warning : ShowMissingComponent: [N:BattleFieldGame.GameObjects.FieldTiles] Missing &lt;summary&gt; documentation [E:\Telerik\TeamWork\Battle-Field-2\trunk\Battle-Field-2\BattleFieldGame\Help\Working\BuildReferenceTopics.proj]
BuildAssembler : warning : ShowMissingComponent: [T:BattleFieldGame.GameObjects.FieldTiles.EmptyFieldTile] Missing &lt;summary&gt; documentation [E:\Telerik\TeamWork\Battle-Field-2\trunk\Battle-Field-2\BattleFieldGame\Help\Working\BuildReferenceTopics.proj]
BuildAssembler : warning : ShowMissingComponent: [T:BattleFieldGame.GameObjects.FieldTiles.FieldTile] Missing &lt;summary&gt; documentation [E:\Telerik\TeamWork\Battle-Field-2\trunk\Battle-Field-2\BattleFieldGame\Help\Working\BuildReferenceTopics.proj]
BuildAssembler : warning : ShowMissingComponent: [M:BattleFieldGame.GameObjects.FieldTiles.FieldTile.#ctor(BattleFieldGame.Helpers.FieldTileType)] Missing &lt;param name=&quot;type&quot;/&gt; documentation [E:\Telerik\TeamWork\Battle-Field-2\trunk\Battle-Field-2\BattleFieldGame\Help\Working\BuildReferenceTopics.proj]
BuildAssembler : warning : ShowMissingComponent: [P:BattleFieldGame.GameObjects.FieldTiles.FieldTile.Status] Missing &lt;summary&gt; documentation [E:\Telerik\TeamWork\Battle-Field-2\trunk\Battle-Field-2\BattleFieldGame\Help\Working\BuildReferenceTopics.proj]
BuildAssembler : warning : ShowMissingComponent: [P:BattleFieldGame.GameObjects.FieldTiles.FieldTile.TileType] Missing &lt;summary&gt; documentation [E:\Telerik\TeamWork\Battle-Field-2\trunk\Battle-Field-2\BattleFieldGame\Help\Working\BuildReferenceTopics.proj]
BuildAssembler : warning : ShowMissingComponent: [T:BattleFieldGame.GameObjects.FieldTiles.FieldTilesFactory] Missing &lt;summary&gt; documentation [E:\Telerik\TeamWork\Battle-Field-2\trunk\Battle-Field-2\BattleFieldGame\Help\Working\BuildReferenceTopics.proj]
BuildAssembler : warning : ShowMissingComponent: [M:BattleFieldGame.GameObjects.FieldTiles.FieldTilesFactory.GetEmptyTile] Missing &lt;summary&gt; documentation [E:\Telerik\TeamWork\Battle-Field-2\trunk\Battle-Field-2\BattleFieldGame\Help\Working\BuildReferenceTopics.proj]
BuildAssembler : warning : ShowMissingComponent: [M:BattleFieldGame.GameObjects.FieldTiles.FieldTilesFactory.GetEmptyTile] Missing &lt;returns&gt; documentation [E:\Telerik\TeamWork\Battle-Field-2\trunk\Battle-Field-2\BattleFieldGame\Help\Working\BuildReferenceTopics.proj]
BuildAssembler : warning : ShowMissingComponent: [M:BattleFieldGame.GameObjects.FieldTiles.FieldTilesFactory.GetMineTile(BattleFieldGame.Helpers.MineDetonationType,BattleFieldGame.Interfaces.IMineDetonationStrategy)] Missing &lt;summary&gt; documentation [E:\Telerik\TeamWork\Battle-Field-2\trunk\Battle-Field-2\BattleFieldGame\Help\Working\BuildReferenceTopics.proj]
BuildAssembler : warning : ShowMissingComponent: [M:BattleFieldGame.GameObjects.FieldTiles.FieldTilesFactory.GetMineTile(BattleFieldGame.Helpers.MineDetonationType,BattleFieldGame.Interfaces.IMineDetonationStrategy)] Missing &lt;returns&gt; documentation [E:\Telerik\TeamWork\Battle-Field-2\trunk\Battle-Field-2\BattleFieldGame\Help\Working\BuildReferenceTopics.proj]
BuildAssembler : warning : ShowMissingComponent: [M:BattleFieldGame.GameObjects.FieldTiles.FieldTilesFactory.GetMineTile(BattleFieldGame.Helpers.MineDetonationType,BattleFieldGame.Interfaces.IMineDetonationStrategy)] Missing &lt;param name=&quot;detonationType&quot;/&gt; documentation [E:\Telerik\TeamWork\Battle-Field-2\trunk\Battle-Field-2\BattleFieldGame\Help\Working\BuildReferenceTopics.proj]
BuildAssembler : warning : ShowMissingComponent: [M:BattleFieldGame.GameObjects.FieldTiles.FieldTilesFactory.GetMineTile(BattleFieldGame.Helpers.MineDetonationType,BattleFieldGame.Interfaces.IMineDetonationStrategy)] Missing &lt;param name=&quot;detonationStrategy&quot;/&gt; documentation [E:\Telerik\TeamWork\Battle-Field-2\trunk\Battle-Field-2\BattleFieldGame\Help\Working\BuildReferenceTopics.proj]
BuildAssembler : warning : ShowMissingComponent: [T:BattleFieldGame.GameObjects.FieldTiles.IFieldTile] Missing &lt;summary&gt; documentation [E:\Telerik\TeamWork\Battle-Field-2\trunk\Battle-Field-2\BattleFieldGame\Help\Working\BuildReferenceTopics.proj]
BuildAssembler : warning : ShowMissingComponent: [P:BattleFieldGame.GameObjects.FieldTiles.IFieldTile.Status] Missing &lt;summary&gt; documentation [E:\Telerik\TeamWork\Battle-Field-2\trunk\Battle-Field-2\BattleFieldGame\Help\Working\BuildReferenceTopics.proj]
BuildAssembler : warning : ShowMissingComponent: [P:BattleFieldGame.GameObjects.FieldTiles.IFieldTile.TileType] Missing &lt;summary&gt; documentation [E:\Telerik\TeamWork\Battle-Field-2\trunk\Battle-Field-2\BattleFieldGame\Help\Working\BuildReferenceTopics.proj]
BuildAssembler : warning : ShowMissingComponent: [T:BattleFieldGame.GameObjects.FieldTiles.IMineTile] Missing &lt;summary&gt; documentation [E:\Telerik\TeamWork\Battle-Field-2\trunk\Battle-Field-2\BattleFieldGame\Help\Working\BuildReferenceTopics.proj]
BuildAssembler : warning : ShowMissingComponent: [P:BattleFieldGame.GameObjects.FieldTiles.IMineTile.DetonationType] Missing &lt;summary&gt; documentation [E:\Telerik\TeamWork\Battle-Field-2\trunk\Battle-Field-2\BattleFieldGame\Help\Working\BuildReferenceTopics.proj]
BuildAssembler : warning : ShowMissingComponent: [M:BattleFieldGame.GameObjects.FieldTiles.IMineTile.ExecuteDetonation] Missing &lt;summary&gt; documentation [E:\Telerik\TeamWork\Battle-Field-2\trunk\Battle-Field-2\BattleFieldGame\Help\Working\BuildReferenceTopics.proj]
BuildAssembler : warning : ShowMissingComponent: [M:BattleFieldGame.GameObjects.FieldTiles.IMineTile.ExecuteDetonation] Missing &lt;returns&gt; documentation [E:\Telerik\TeamWork\Battle-Field-2\trunk\Battle-Field-2\BattleFieldGame\Help\Working\BuildReferenceTopics.proj]
BuildAssembler : warning : ShowMissingComponent: [N:BattleFieldGame.GameObjects.GameField] Missing &lt;summary&gt; documentation [E:\Telerik\TeamWork\Battle-Field-2\trunk\Battle-Field-2\BattleFieldGame\Help\Working\BuildReferenceTopics.proj]
BuildAssembler : warning : ShowMissingComponent: [T:BattleFieldGame.GameObjects.GameField.GameField] Missing &lt;summary&gt; documentation [E:\Telerik\TeamWork\Battle-Field-2\trunk\Battle-Field-2\BattleFieldGame\Help\Working\BuildReferenceTopics.proj]
BuildAssembler : warning : ShowMissingComponent: [M:BattleFieldGame.GameObjects.GameField.GameField.#ctor(System.Int32)] Missing &lt;param name=&quot;fieldSize&quot;/&gt; documentation [E:\Telerik\TeamWork\Battle-Field-2\trunk\Battle-Field-2\BattleFieldGame\Help\Working\BuildReferenceTopics.proj]
BuildAssembler : warning : ShowMissingComponent: [P:BattleFieldGame.GameObjects.GameField.GameField.DetonatedMines] Missing &lt;summary&gt; documentation [E:\Telerik\TeamWork\Battle-Field-2\trunk\Battle-Field-2\BattleFieldGame\Help\Working\BuildReferenceTopics.proj]
BuildAssembler : warning : ShowMissingComponent: [M:BattleFieldGame.GameObjects.GameField.GameField.DetonateMine(System.Int32,System.Int32)] Missing &lt;summary&gt; documentation [E:\Telerik\TeamWork\Battle-Field-2\trunk\Battle-Field-2\BattleFieldGame\Help\Working\BuildReferenceTopics.proj]
BuildAssembler : warning : ShowMissingComponent: [M:BattleFieldGame.GameObjects.GameField.GameField.DetonateMine(System.Int32,System.Int32)] Missing &lt;param name=&quot;xCoord&quot;/&gt; documentation [E:\Telerik\TeamWork\Battle-Field-2\trunk\Battle-Field-2\BattleFieldGame\Help\Working\BuildReferenceTopics.proj]
BuildAssembler : warning : ShowMissingComponent: [M:BattleFieldGame.GameObjects.GameField.GameField.DetonateMine(System.Int32,System.Int32)] Missing &lt;param name=&quot;yCoord&quot;/&gt; documentation [E:\Telerik\TeamWork\Battle-Field-2\trunk\Battle-Field-2\BattleFieldGame\Help\Working\BuildReferenceTopics.proj]
BuildAssembler : warning : ShowMissingComponent: [P:BattleFieldGame.GameObjects.GameField.GameField.FieldSize] Missing &lt;summary&gt; documentation [E:\Telerik\TeamWork\Battle-Field-2\trunk\Battle-Field-2\BattleFieldGame\Help\Working\BuildReferenceTopics.proj]
BuildAssembler : warning : ShowMissingComponent: [M:BattleFieldGame.GameObjects.GameField.GameField.GetColumnsCount] Missing &lt;summary&gt; documentation [E:\Telerik\TeamWork\Battle-Field-2\trunk\Battle-Field-2\BattleFieldGame\Help\Working\BuildReferenceTopics.proj]
BuildAssembler : warning : ShowMissingComponent: [M:BattleFieldGame.GameObjects.GameField.GameField.GetColumnsCount] Missing &lt;returns&gt; documentation [E:\Telerik\TeamWork\Battle-Field-2\trunk\Battle-Field-2\BattleFieldGame\Help\Working\BuildReferenceTopics.proj]
BuildAssembler : warning : ShowMissingComponent: [M:BattleFieldGame.GameObjects.GameField.GameField.GetRowsCount] Missing &lt;summary&gt; documentation [E:\Telerik\TeamWork\Battle-Field-2\trunk\Battle-Field-2\BattleFieldGame\Help\Working\BuildReferenceTopics.proj]
BuildAssembler : warning : ShowMissingComponent: [M:BattleFieldGame.GameObjects.GameField.GameField.GetRowsCount] Missing &lt;returns&gt; documentation [E:\Telerik\TeamWork\Battle-Field-2\trunk\Battle-Field-2\BattleFieldGame\Help\Working\BuildReferenceTopics.proj]
BuildAssembler : warning : ShowMissingComponent: [P:BattleFieldGame.GameObjects.GameField.GameField.Item(System.Int32,System.Int32)] Missing &lt;summary&gt; documentation [E:\Telerik\TeamWork\Battle-Field-2\trunk\Battle-Field-2\BattleFieldGame\Help\Working\BuildReferenceTopics.proj]
BuildAssembler : warning : ShowMissingComponent: [P:BattleFieldGame.GameObjects.GameField.GameField.MinesCount] Missing &lt;summary&gt; documentation [E:\Telerik\TeamWork\Battle-Field-2\trunk\Battle-Field-2\BattleFieldGame\Help\Working\BuildReferenceTopics.proj]
BuildAssembler : warning : ShowMissingComponent: [M:BattleFieldGame.GameObjects.GameField.GameField.ReadFieldSize] Missing &lt;summary&gt; documentation [E:\Telerik\TeamWork\Battle-Field-2\trunk\Battle-Field-2\BattleFieldGame\Help\Working\BuildReferenceTopics.proj]
BuildAssembler : warning : ShowMissingComponent: [M:BattleFieldGame.GameObjects.GameField.GameField.ReadFieldSize] Missing &lt;returns&gt; documentation [E:\Telerik\TeamWork\Battle-Field-2\trunk\Battle-Field-2\BattleFieldGame\Help\Working\BuildReferenceTopics.proj]
BuildAssembler : warning : ShowMissingComponent: [T:BattleFieldGame.GameObjects.GameField.GameFieldFactory] Missing &lt;summary&gt; documentation [E:\Telerik\TeamWork\Battle-Field-2\trunk\Battle-Field-2\BattleFieldGame\Help\Working\BuildReferenceTopics.proj]
BuildAssembler : warning : ShowMissingComponent: [M:BattleFieldGame.GameObjects.GameField.GameFieldFactory.GetGameField(System.Int32,BattleFieldGame.GameObjects.GameField.GameFieldType)] Missing &lt;summary&gt; documentation [E:\Telerik\TeamWork\Battle-Field-2\trunk\Battle-Field-2\BattleFieldGame\Help\Working\BuildReferenceTopics.proj]
BuildAssembler : warning : ShowMissingComponent: [M:BattleFieldGame.GameObjects.GameField.GameFieldFactory.GetGameField(System.Int32,BattleFieldGame.GameObjects.GameField.GameFieldType)] Missing &lt;returns&gt; documentation [E:\Telerik\TeamWork\Battle-Field-2\trunk\Battle-Field-2\BattleFieldGame\Help\Working\BuildReferenceTopics.proj]
BuildAssembler : warning : ShowMissingComponent: [M:BattleFieldGame.GameObjects.GameField.GameFieldFactory.GetGameField(System.Int32,BattleFieldGame.GameObjects.GameField.GameFieldType)] Missing &lt;param name=&quot;fieldSize&quot;/&gt; documentation [E:\Telerik\TeamWork\Battle-Field-2\trunk\Battle-Field-2\BattleFieldGame\Help\Working\BuildReferenceTopics.proj]
BuildAssembler : warning : ShowMissingComponent: [M:BattleFieldGame.GameObjects.GameField.GameFieldFactory.GetGameField(System.Int32,BattleFieldGame.GameObjects.GameField.GameFieldType)] Missing &lt;param name=&quot;gameFieldType&quot;/&gt; documentation [E:\Telerik\TeamWork\Battle-Field-2\trunk\Battle-Field-2\BattleFieldGame\Help\Working\BuildReferenceTopics.proj]
BuildAssembler : warning : ShowMissingComponent: [T:BattleFieldGame.GameObjects.GameField.GameFieldType] Missing &lt;summary&gt; documentation [E:\Telerik\TeamWork\Battle-Field-2\trunk\Battle-Field-2\BattleFieldGame\Help\Working\BuildReferenceTopics.proj]
BuildAssembler : warning : ShowMissingComponent: [T:BattleFieldGame.GameObjects.GameField.IGameField] Missing &lt;summary&gt; documentation [E:\Telerik\TeamWork\Battle-Field-2\trunk\Battle-Field-2\BattleFieldGame\Help\Working\BuildReferenceTopics.proj]
BuildAssembler : warning : ShowMissingComponent: [P:BattleFieldGame.GameObjects.GameField.IGameField.DetonatedMines] Missing &lt;summary&gt; documentation [E:\Telerik\TeamWork\Battle-Field-2\trunk\Battle-Field-2\BattleFieldGame\Help\Working\BuildReferenceTopics.proj]
BuildAssembler : warning : ShowMissingComponent: [M:BattleFieldGame.GameObjects.GameField.IGameField.DetonateMine(System.Int32,System.Int32)] Missing &lt;summary&gt; documentation [E:\Telerik\TeamWork\Battle-Field-2\trunk\Battle-Field-2\BattleFieldGame\Help\Working\BuildReferenceTopics.proj]
BuildAssembler : warning : ShowMissingComponent: [M:BattleFieldGame.GameObjects.GameField.IGameField.DetonateMine(System.Int32,System.Int32)] Missing &lt;param name=&quot;xCoord&quot;/&gt; documentation [E:\Telerik\TeamWork\Battle-Field-2\trunk\Battle-Field-2\BattleFieldGame\Help\Working\BuildReferenceTopics.proj]
BuildAssembler : warning : ShowMissingComponent: [M:BattleFieldGame.GameObjects.GameField.IGameField.DetonateMine(System.Int32,System.Int32)] Missing &lt;param name=&quot;yCoord&quot;/&gt; documentation [E:\Telerik\TeamWork\Battle-Field-2\trunk\Battle-Field-2\BattleFieldGame\Help\Working\BuildReferenceTopics.proj]
BuildAssembler : warning : ShowMissingComponent: [P:BattleFieldGame.GameObjects.GameField.IGameField.FieldSize] Missing &lt;summary&gt; documentation [E:\Telerik\TeamWork\Battle-Field-2\trunk\Battle-Field-2\BattleFieldGame\Help\Working\BuildReferenceTopics.proj]
BuildAssembler : warning : ShowMissingComponent: [M:BattleFieldGame.GameObjects.GameField.IGameField.GetColumnsCount] Missing &lt;summary&gt; documentation [E:\Telerik\TeamWork\Battle-Field-2\trunk\Battle-Field-2\BattleFieldGame\Help\Working\BuildReferenceTopics.proj]
BuildAssembler : warning : ShowMissingComponent: [M:BattleFieldGame.GameObjects.GameField.IGameField.GetColumnsCount] Missing &lt;returns&gt; documentation [E:\Telerik\TeamWork\Battle-Field-2\trunk\Battle-Field-2\BattleFieldGame\Help\Working\BuildReferenceTopics.proj]
BuildAssembler : warning : ShowMissingComponent: [M:BattleFieldGame.GameObjects.GameField.IGameField.GetRowsCount] Missing &lt;summary&gt; documentation [E:\Telerik\TeamWork\Battle-Field-2\trunk\Battle-Field-2\BattleFieldGame\Help\Working\BuildReferenceTopics.proj]
BuildAssembler : warning : ShowMissingComponent: [M:BattleFieldGame.GameObjects.GameField.IGameField.GetRowsCount] Missing &lt;returns&gt; documentation [E:\Telerik\TeamWork\Battle-Field-2\trunk\Battle-Field-2\BattleFieldGame\Help\Working\BuildReferenceTopics.proj]
BuildAssembler : warning : ShowMissingComponent: [P:BattleFieldGame.GameObjects.GameField.IGameField.Item(System.Int32,System.Int32)] Missing &lt;summary&gt; documentation [E:\Telerik\TeamWork\Battle-Field-2\trunk\Battle-Field-2\BattleFieldGame\Help\Working\BuildReferenceTopics.proj]
BuildAssembler : warning : ShowMissingComponent: [P:BattleFieldGame.GameObjects.GameField.IGameField.MinesCount] Missing &lt;summary&gt; documentation [E:\Telerik\TeamWork\Battle-Field-2\trunk\Battle-Field-2\BattleFieldGame\Help\Working\BuildReferenceTopics.proj]
BuildAssembler : warning : ShowMissingComponent: [T:BattleFieldGame.GameObjects.GameField.IGameFieldFactory] Missing &lt;summary&gt; documentation [E:\Telerik\TeamWork\Battle-Field-2\trunk\Battle-Field-2\BattleFieldGame\Help\Working\BuildReferenceTopics.proj]
BuildAssembler : warning : ShowMissingComponent: [M:BattleFieldGame.GameObjects.GameField.IGameFieldFactory.GetGameField(System.Int32,BattleFieldGame.GameObjects.GameField.GameFieldType)] Missing &lt;summary&gt; documentation [E:\Telerik\TeamWork\Battle-Field-2\trunk\Battle-Field-2\BattleFieldGame\Help\Working\BuildReferenceTopics.proj]
BuildAssembler : warning : ShowMissingComponent: [M:BattleFieldGame.GameObjects.GameField.IGameFieldFactory.GetGameField(System.Int32,BattleFieldGame.GameObjects.GameField.GameFieldType)] Missing &lt;returns&gt; documentation [E:\Telerik\TeamWork\Battle-Field-2\trunk\Battle-Field-2\BattleFieldGame\Help\Working\BuildReferenceTopics.proj]
BuildAssembler : warning : ShowMissingComponent: [M:BattleFieldGame.GameObjects.GameField.IGameFieldFactory.GetGameField(System.Int32,BattleFieldGame.GameObjects.GameField.GameFieldType)] Missing &lt;param name=&quot;fieldSize&quot;/&gt; documentation [E:\Telerik\TeamWork\Battle-Field-2\trunk\Battle-Field-2\BattleFieldGame\Help\Working\BuildReferenceTopics.proj]
BuildAssembler : warning : ShowMissingComponent: [M:BattleFieldGame.GameObjects.GameField.IGameFieldFactory.GetGameField(System.Int32,BattleFieldGame.GameObjects.GameField.GameFieldType)] Missing &lt;param name=&quot;gameFieldType&quot;/&gt; documentation [E:\Telerik\TeamWork\Battle-Field-2\trunk\Battle-Field-2\BattleFieldGame\Help\Working\BuildReferenceTopics.proj]
BuildAssembler : warning : ShowMissingComponent: [N:BattleFieldGame.Helpers] Missing &lt;summary&gt; documentation [E:\Telerik\TeamWork\Battle-Field-2\trunk\Battle-Field-2\BattleFieldGame\Help\Working\BuildReferenceTopics.proj]
BuildAssembler : warning : ShowMissingComponent: [T:BattleFieldGame.Helpers.Coords] Missing &lt;summary&gt; documentation [E:\Telerik\TeamWork\Battle-Field-2\trunk\Battle-Field-2\BattleFieldGame\Help\Working\BuildReferenceTopics.proj]
BuildAssembler : warning : ShowMissingComponent: [M:BattleFieldGame.Helpers.Coords.#ctor(System.Int32,System.Int32)] Missing &lt;param name=&quot;xCoord&quot;/&gt; documentation [E:\Telerik\TeamWork\Battle-Field-2\trunk\Battle-Field-2\BattleFieldGame\Help\Working\BuildReferenceTopics.proj]
BuildAssembler : warning : ShowMissingComponent: [M:BattleFieldGame.Helpers.Coords.#ctor(System.Int32,System.Int32)] Missing &lt;param name=&quot;yCoord&quot;/&gt; documentation [E:\Telerik\TeamWork\Battle-Field-2\trunk\Battle-Field-2\BattleFieldGame\Help\Working\BuildReferenceTopics.proj]
BuildAssembler : warning : ShowMissingComponent: [P:BattleFieldGame.Helpers.Coords.X] Missing &lt;summary&gt; documentation [E:\Telerik\TeamWork\Battle-Field-2\trunk\Battle-Field-2\BattleFieldGame\Help\Working\BuildReferenceTopics.proj]
BuildAssembler : warning : ShowMissingComponent: [P:BattleFieldGame.Helpers.Coords.Y] Missing &lt;summary&gt; documentation [E:\Telerik\TeamWork\Battle-Field-2\trunk\Battle-Field-2\BattleFieldGame\Help\Working\BuildReferenceTopics.proj]
BuildAssembler : warning : ShowMissingComponent: [T:BattleFieldGame.Helpers.FieldTileStatus] Missing &lt;summary&gt; documentation [E:\Telerik\TeamWork\Battle-Field-2\trunk\Battle-Field-2\BattleFieldGame\Help\Working\BuildReferenceTopics.proj]
BuildAssembler : warning : ShowMissingComponent: [T:BattleFieldGame.Helpers.FieldTileType] Missing &lt;summary&gt; documentation [E:\Telerik\TeamWork\Battle-Field-2\trunk\Battle-Field-2\BattleFieldGame\Help\Working\BuildReferenceTopics.proj]
BuildAssembler : warning : ShowMissingComponent: [T:BattleFieldGame.Helpers.MineDetonationType] Missing &lt;summary&gt; documentation [E:\Telerik\TeamWork\Battle-Field-2\trunk\Battle-Field-2\BattleFieldGame\Help\Working\BuildReferenceTopics.proj]
BuildAssembler : warning : ShowMissingComponent: [N:BattleFieldGame.Interfaces] Missing &lt;summary&gt; documentation [E:\Telerik\TeamWork\Battle-Field-2\trunk\Battle-Field-2\BattleFieldGame\Help\Working\BuildReferenceTopics.proj]
BuildAssembler : warning : ShowMissingComponent: [T:BattleFieldGame.Interfaces.IDetonationStrategyFactory] Missing &lt;summary&gt; documentation [E:\Telerik\TeamWork\Battle-Field-2\trunk\Battle-Field-2\BattleFieldGame\Help\Working\BuildReferenceTopics.proj]
BuildAssembler : warning : ShowMissingComponent: [M:BattleFieldGame.Interfaces.IDetonationStrategyFactory.GetDetonationStrategy(BattleFieldGame.Helpers.MineDetonationType)] Missing &lt;summary&gt; documentation [E:\Telerik\TeamWork\Battle-Field-2\trunk\Battle-Field-2\BattleFieldGame\Help\Working\BuildReferenceTopics.proj]
BuildAssembler : warning : ShowMissingComponent: [M:BattleFieldGame.Interfaces.IDetonationStrategyFactory.GetDetonationStrategy(BattleFieldGame.Helpers.MineDetonationType)] Missing &lt;returns&gt; documentation [E:\Telerik\TeamWork\Battle-Field-2\trunk\Battle-Field-2\BattleFieldGame\Help\Working\BuildReferenceTopics.proj]
BuildAssembler : warning : ShowMissingComponent: [M:BattleFieldGame.Interfaces.IDetonationStrategyFactory.GetDetonationStrategy(BattleFieldGame.Helpers.MineDetonationType)] Missing &lt;param name=&quot;detonationType&quot;/&gt; documentation [E:\Telerik\TeamWork\Battle-Field-2\trunk\Battle-Field-2\BattleFieldGame\Help\Working\BuildReferenceTopics.proj]
BuildAssembler : warning : ShowMissingComponent: [T:BattleFieldGame.Interfaces.IMineDetonationStrategy] Missing &lt;summary&gt; documentation [E:\Telerik\TeamWork\Battle-Field-2\trunk\Battle-Field-2\BattleFieldGame\Help\Working\BuildReferenceTopics.proj]
BuildAssembler : warning : ShowMissingComponent: [M:BattleFieldGame.Interfaces.IMineDetonationStrategy.GetExplosionCoordinates] Missing &lt;summary&gt; documentation [E:\Telerik\TeamWork\Battle-Field-2\trunk\Battle-Field-2\BattleFieldGame\Help\Working\BuildReferenceTopics.proj]
BuildAssembler : warning : ShowMissingComponent: [M:BattleFieldGame.Interfaces.IMineDetonationStrategy.GetExplosionCoordinates] Missing &lt;returns&gt; documentation [E:\Telerik\TeamWork\Battle-Field-2\trunk\Battle-Field-2\BattleFieldGame\Help\Working\BuildReferenceTopics.proj]
BuildAssembler : warning : ShowMissingComponent: [N:BattleFieldGame.Keyboard] Missing &lt;summary&gt; documentation [E:\Telerik\TeamWork\Battle-Field-2\trunk\Battle-Field-2\BattleFieldGame\Help\Working\BuildReferenceTopics.proj]
BuildAssembler : warning : ShowMissingComponent: [T:BattleFieldGame.Keyboard.CommandReader] Missing &lt;summary&gt; documentation [E:\Telerik\TeamWork\Battle-Field-2\trunk\Battle-Field-2\BattleFieldGame\Help\Working\BuildReferenceTopics.proj]
BuildAssembler : warning : ShowMissingComponent: [M:BattleFieldGame.Keyboard.CommandReader.#ctor(BattleFieldGame.Keyboard.IReader)] Missing &lt;param name=&quot;reader&quot;/&gt; documentation [E:\Telerik\TeamWork\Battle-Field-2\trunk\Battle-Field-2\BattleFieldGame\Help\Working\BuildReferenceTopics.proj]
BuildAssembler : warning : ShowMissingComponent: [M:BattleFieldGame.Keyboard.CommandReader.GetCordinates] Missing &lt;summary&gt; documentation [E:\Telerik\TeamWork\Battle-Field-2\trunk\Battle-Field-2\BattleFieldGame\Help\Working\BuildReferenceTopics.proj]
BuildAssembler : warning : ShowMissingComponent: [M:BattleFieldGame.Keyboard.CommandReader.GetCordinates] Missing &lt;returns&gt; documentation [E:\Telerik\TeamWork\Battle-Field-2\trunk\Battle-Field-2\BattleFieldGame\Help\Working\BuildReferenceTopics.proj]
BuildAssembler : warning : ShowMissingComponent: [M:BattleFieldGame.Keyboard.CommandReader.GetFieldSize] Missing &lt;summary&gt; documentation [E:\Telerik\TeamWork\Battle-Field-2\trunk\Battle-Field-2\BattleFieldGame\Help\Working\BuildReferenceTopics.proj]
BuildAssembler : warning : ShowMissingComponent: [M:BattleFieldGame.Keyboard.CommandReader.GetFieldSize] Missing &lt;returns&gt; documentation [E:\Telerik\TeamWork\Battle-Field-2\trunk\Battle-Field-2\BattleFieldGame\Help\Working\BuildReferenceTopics.proj]
BuildAssembler : warning : ShowMissingComponent: [T:BattleFieldGame.Keyboard.ICommandReader] Missing &lt;summary&gt; documentation [E:\Telerik\TeamWork\Battle-Field-2\trunk\Battle-Field-2\BattleFieldGame\Help\Working\BuildReferenceTopics.proj]
BuildAssembler : warning : ShowMissingComponent: [M:BattleFieldGame.Keyboard.ICommandReader.GetCordinates] Missing &lt;summary&gt; documentation [E:\Telerik\TeamWork\Battle-Field-2\trunk\Battle-Field-2\BattleFieldGame\Help\Working\BuildReferenceTopics.proj]
BuildAssembler : warning : ShowMissingComponent: [M:BattleFieldGame.Keyboard.ICommandReader.GetCordinates] Missing &lt;returns&gt; documentation [E:\Telerik\TeamWork\Battle-Field-2\trunk\Battle-Field-2\BattleFieldGame\Help\Working\BuildReferenceTopics.proj]
BuildAssembler : warning : ShowMissingComponent: [M:BattleFieldGame.Keyboard.ICommandReader.GetFieldSize] Missing &lt;summary&gt; documentation [E:\Telerik\TeamWork\Battle-Field-2\trunk\Battle-Field-2\BattleFieldGame\Help\Working\BuildReferenceTopics.proj]
BuildAssembler : warning : ShowMissingComponent: [M:BattleFieldGame.Keyboard.ICommandReader.GetFieldSize] Missing &lt;returns&gt; documentation [E:\Telerik\TeamWork\Battle-Field-2\trunk\Battle-Field-2\BattleFieldGame\Help\Working\BuildReferenceTopics.proj]
BuildAssembler : warning : ShowMissingComponent: [T:BattleFieldGame.Keyboard.IReader] Missing &lt;summary&gt; documentation [E:\Telerik\TeamWork\Battle-Field-2\trunk\Battle-Field-2\BattleFieldGame\Help\Working\BuildReferenceTopics.proj]
BuildAssembler : warning : ShowMissingComponent: [M:BattleFieldGame.Keyboard.IReader.Read] Missing &lt;summary&gt; documentation [E:\Telerik\TeamWork\Battle-Field-2\trunk\Battle-Field-2\BattleFieldGame\Help\Working\BuildReferenceTopics.proj]
BuildAssembler : warning : ShowMissingComponent: [M:BattleFieldGame.Keyboard.IReader.Read] Missing &lt;returns&gt; documentation [E:\Telerik\TeamWork\Battle-Field-2\trunk\Battle-Field-2\BattleFieldGame\Help\Working\BuildReferenceTopics.proj]
BuildAssembler : warning : ShowMissingComponent: [N:BattleFieldGame.Keyboard.ConsoleIO] Missing &lt;summary&gt; documentation [E:\Telerik\TeamWork\Battle-Field-2\trunk\Battle-Field-2\BattleFieldGame\Help\Working\BuildReferenceTopics.proj]
BuildAssembler : warning : ShowMissingComponent: [T:BattleFieldGame.Keyboard.ConsoleIO.ConsoleWriter] Missing &lt;summary&gt; documentation [E:\Telerik\TeamWork\Battle-Field-2\trunk\Battle-Field-2\BattleFieldGame\Help\Working\BuildReferenceTopics.proj]
BuildAssembler : warning : ShowMissingComponent: [M:BattleFieldGame.Keyboard.ConsoleIO.ConsoleWriter.WriteField(BattleFieldGame.GameObjects.GameField.IGameField)] Missing &lt;summary&gt; documentation [E:\Telerik\TeamWork\Battle-Field-2\trunk\Battle-Field-2\BattleFieldGame\Help\Working\BuildReferenceTopics.proj]
BuildAssembler : warning : ShowMissingComponent: [M:BattleFieldGame.Keyboard.ConsoleIO.ConsoleWriter.WriteField(BattleFieldGame.GameObjects.GameField.IGameField)] Missing &lt;param name=&quot;field&quot;/&gt; documentation [E:\Telerik\TeamWork\Battle-Field-2\trunk\Battle-Field-2\BattleFieldGame\Help\Working\BuildReferenceTopics.proj]
BuildAssembler : warning : ShowMissingComponent: [M:BattleFieldGame.Keyboard.ConsoleIO.ConsoleWriter.WriteMessage(System.String)] Missing &lt;summary&gt; documentation [E:\Telerik\TeamWork\Battle-Field-2\trunk\Battle-Field-2\BattleFieldGame\Help\Working\BuildReferenceTopics.proj]
BuildAssembler : warning : ShowMissingComponent: [M:BattleFieldGame.Keyboard.ConsoleIO.ConsoleWriter.WriteMessage(System.String)] Missing &lt;param name=&quot;message&quot;/&gt; documentation [E:\Telerik\TeamWork\Battle-Field-2\trunk\Battle-Field-2\BattleFieldGame\Help\Working\BuildReferenceTopics.proj]
BuildAssembler : warning : ShowMissingComponent: [T:BattleFieldGame.Keyboard.ConsoleIO.IConsoleWriter] Missing &lt;summary&gt; documentation [E:\Telerik\TeamWork\Battle-Field-2\trunk\Battle-Field-2\BattleFieldGame\Help\Working\BuildReferenceTopics.proj]
BuildAssembler : warning : ShowMissingComponent: [M:BattleFieldGame.Keyboard.ConsoleIO.IConsoleWriter.WriteField(BattleFieldGame.GameObjects.GameField.IGameField)] Missing &lt;summary&gt; documentation [E:\Telerik\TeamWork\Battle-Field-2\trunk\Battle-Field-2\BattleFieldGame\Help\Working\BuildReferenceTopics.proj]
BuildAssembler : warning : ShowMissingComponent: [M:BattleFieldGame.Keyboard.ConsoleIO.IConsoleWriter.WriteField(BattleFieldGame.GameObjects.GameField.IGameField)] Missing &lt;param name=&quot;field&quot;/&gt; documentation [E:\Telerik\TeamWork\Battle-Field-2\trunk\Battle-Field-2\BattleFieldGame\Help\Working\BuildReferenceTopics.proj]
BuildAssembler : warning : ShowMissingComponent: [M:BattleFieldGame.Keyboard.ConsoleIO.IConsoleWriter.WriteMessage(System.String)] Missing &lt;summary&gt; documentation [E:\Telerik\TeamWork\Battle-Field-2\trunk\Battle-Field-2\BattleFieldGame\Help\Working\BuildReferenceTopics.proj]
BuildAssembler : warning : ShowMissingComponent: [M:BattleFieldGame.Keyboard.ConsoleIO.IConsoleWriter.WriteMessage(System.String)] Missing &lt;param name=&quot;message&quot;/&gt; documentation [E:\Telerik\TeamWork\Battle-Field-2\trunk\Battle-Field-2\BattleFieldGame\Help\Working\BuildReferenceTopics.proj]
BuildAssembler : warning : ShowMissingComponent: [N:BattleFieldGameTests] Missing &lt;summary&gt; documentation [E:\Telerik\TeamWork\Battle-Field-2\trunk\Battle-Field-2\BattleFieldGame\Help\Working\BuildReferenceTopics.proj]
BuildAssembler : warning : ShowMissingComponent: [T:BattleFieldGameTests.CoordsTests] Missing &lt;summary&gt; documentation [E:\Telerik\TeamWork\Battle-Field-2\trunk\Battle-Field-2\BattleFieldGame\Help\Working\BuildReferenceTopics.proj]
BuildAssembler : warning : ShowMissingComponent: [M:BattleFieldGameTests.CoordsTests.TestCoordinatesClassPropertyAssignment] Missing &lt;summary&gt; documentation [E:\Telerik\TeamWork\Battle-Field-2\trunk\Battle-Field-2\BattleFieldGame\Help\Working\BuildReferenceTopics.proj]
BuildAssembler : warning : ShowMissingComponent: [T:BattleFieldGameTests.GameEngineTests] Missing &lt;summary&gt; documentation [E:\Telerik\TeamWork\Battle-Field-2\trunk\Battle-Field-2\BattleFieldGame\Help\Working\BuildReferenceTopics.proj]
BuildAssembler : warning : ShowMissingComponent: [M:BattleFieldGameTests.GameEngineTests.GameEngineWhitNullICommandReaderSholdThrowAnException] Missing &lt;summary&gt; documentation [E:\Telerik\TeamWork\Battle-Field-2\trunk\Battle-Field-2\BattleFieldGame\Help\Working\BuildReferenceTopics.proj]
BuildAssembler : warning : ShowMissingComponent: [M:BattleFieldGameTests.GameEngineTests.GameEngineWhitNullIConsoleWriterSholdThrowAnException] Missing &lt;summary&gt; documentation [E:\Telerik\TeamWork\Battle-Field-2\trunk\Battle-Field-2\BattleFieldGame\Help\Working\BuildReferenceTopics.proj]
BuildAssembler : warning : ShowMissingComponent: [M:BattleFieldGameTests.GameEngineTests.GameEnginMastBeCreatedWhitNullIGameFieldObject] Missing &lt;summary&gt; documentation [E:\Telerik\TeamWork\Battle-Field-2\trunk\Battle-Field-2\BattleFieldGame\Help\Working\BuildReferenceTopics.proj]
BuildAssembler : warning : ShowMissingComponent: [M:BattleFieldGameTests.GameEngineTests.GameEnginMastBeCreatedWithNullCommandReader] Missing &lt;summary&gt; documentation [E:\Telerik\TeamWork\Battle-Field-2\trunk\Battle-Field-2\BattleFieldGame\Help\Working\BuildReferenceTopics.proj]
BuildAssembler : warning : ShowMissingComponent: [M:BattleFieldGameTests.GameEngineTests.MethodStartBattleFieldGameMastHaveEnd] Missing &lt;summary&gt; documentation [E:\Telerik\TeamWork\Battle-Field-2\trunk\Battle-Field-2\BattleFieldGame\Help\Working\BuildReferenceTopics.proj]
  Processed 161 topic(s)
  135 warning(s)
  CopyFromIndexComponent: &quot;reflection&quot; in-memory cache entries used: 3 of 15.
  CopyFromIndexComponent: &quot;comments&quot; in-memory cache entries used: 2 of 30.
  ResolveReferenceLinksComponent: New MSDN content ID cache size: 23 entries
Done Building Project &quot;E:\Telerik\TeamWork\Battle-Field-2\trunk\Battle-Field-2\BattleFieldGame\Help\Working\BuildReferenceTopics.proj&quot; (default targets).

Build succeeded.

Time Elapsed 00:00:38.74
    Last step completed in 00:00:39.4487
</buildStep>
<buildStep step="CombiningIntermediateTocFiles">
Combining conceptual and API intermediate TOC files...
    Last step completed in 00:00:00.0050
</buildStep>
<buildStep step="ExtractingHtmlInfo">
Extracting HTML info for HTML Help 1 and/or website...
[C:\Windows\Microsoft.NET\Framework64\v4.0.30319\MSBuild.exe]
Sandcastle Help File Builder, version 2014.4.22.0
Copyright c 2006-2014, Eric Woodruff, All Rights Reserved
E-Mail: Eric@EWoodruff.us

Using LCID &#39;1033&#39;, code page &#39;65001&#39;, encoding charset &#39;UTF-8&#39;.

Processing Help 1 files in E:\Telerik\TeamWork\Battle-Field-2\trunk\Battle-Field-2\BattleFieldGame\Help\Working\Output\HtmlHelp1
Processed 161 HTML files
Sorting keywords and generating See Also indices
Saving HTML Help 1 keyword index to E:\Telerik\TeamWork\Battle-Field-2\trunk\Battle-Field-2\BattleFieldGame\Help\Working\Documentation.hhk
Saving HTML Help 1 table of contents to E:\Telerik\TeamWork\Battle-Field-2\trunk\Battle-Field-2\BattleFieldGame\Help\Working\Documentation.hhc
    Last step completed in 00:00:02.1620
</buildStep>
<buildStep step="CopyStandardHelpContent">
Copying standard help content...
C:\Program Files (x86)\EWSoftware\Sandcastle Help File Builder\PresentationStyles\VS2005\icons\adm.gif -&gt; E:\Telerik\TeamWork\Battle-Field-2\trunk\Battle-Field-2\BattleFieldGame\Help\Working\Output\HtmlHelp1\icons\adm.gif
C:\Program Files (x86)\EWSoftware\Sandcastle Help File Builder\PresentationStyles\VS2005\icons\adm_arch.gif -&gt; E:\Telerik\TeamWork\Battle-Field-2\trunk\Battle-Field-2\BattleFieldGame\Help\Working\Output\HtmlHelp1\icons\adm_arch.gif
C:\Program Files (x86)\EWSoftware\Sandcastle Help File Builder\PresentationStyles\VS2005\icons\adm_dev.gif -&gt; E:\Telerik\TeamWork\Battle-Field-2\trunk\Battle-Field-2\BattleFieldGame\Help\Working\Output\HtmlHelp1\icons\adm_dev.gif
C:\Program Files (x86)\EWSoftware\Sandcastle Help File Builder\PresentationStyles\VS2005\icons\adm_dev_arch.gif -&gt; E:\Telerik\TeamWork\Battle-Field-2\trunk\Battle-Field-2\BattleFieldGame\Help\Working\Output\HtmlHelp1\icons\adm_dev_arch.gif
C:\Program Files (x86)\EWSoftware\Sandcastle Help File Builder\PresentationStyles\VS2005\icons\alert_caution.gif -&gt; E:\Telerik\TeamWork\Battle-Field-2\trunk\Battle-Field-2\BattleFieldGame\Help\Working\Output\HtmlHelp1\icons\alert_caution.gif
C:\Program Files (x86)\EWSoftware\Sandcastle Help File Builder\PresentationStyles\VS2005\icons\alert_note.gif -&gt; E:\Telerik\TeamWork\Battle-Field-2\trunk\Battle-Field-2\BattleFieldGame\Help\Working\Output\HtmlHelp1\icons\alert_note.gif
C:\Program Files (x86)\EWSoftware\Sandcastle Help File Builder\PresentationStyles\VS2005\icons\alert_security.gif -&gt; E:\Telerik\TeamWork\Battle-Field-2\trunk\Battle-Field-2\BattleFieldGame\Help\Working\Output\HtmlHelp1\icons\alert_security.gif
C:\Program Files (x86)\EWSoftware\Sandcastle Help File Builder\PresentationStyles\VS2005\icons\arch.gif -&gt; E:\Telerik\TeamWork\Battle-Field-2\trunk\Battle-Field-2\BattleFieldGame\Help\Working\Output\HtmlHelp1\icons\arch.gif
C:\Program Files (x86)\EWSoftware\Sandcastle Help File Builder\PresentationStyles\VS2005\icons\big_adm.gif -&gt; E:\Telerik\TeamWork\Battle-Field-2\trunk\Battle-Field-2\BattleFieldGame\Help\Working\Output\HtmlHelp1\icons\big_adm.gif
C:\Program Files (x86)\EWSoftware\Sandcastle Help File Builder\PresentationStyles\VS2005\icons\big_arch.gif -&gt; E:\Telerik\TeamWork\Battle-Field-2\trunk\Battle-Field-2\BattleFieldGame\Help\Working\Output\HtmlHelp1\icons\big_arch.gif
C:\Program Files (x86)\EWSoftware\Sandcastle Help File Builder\PresentationStyles\VS2005\icons\big_dev.gif -&gt; E:\Telerik\TeamWork\Battle-Field-2\trunk\Battle-Field-2\BattleFieldGame\Help\Working\Output\HtmlHelp1\icons\big_dev.gif
C:\Program Files (x86)\EWSoftware\Sandcastle Help File Builder\PresentationStyles\VS2005\icons\big_kw.gif -&gt; E:\Telerik\TeamWork\Battle-Field-2\trunk\Battle-Field-2\BattleFieldGame\Help\Working\Output\HtmlHelp1\icons\big_kw.gif
C:\Program Files (x86)\EWSoftware\Sandcastle Help File Builder\PresentationStyles\VS2005\icons\box.gif -&gt; E:\Telerik\TeamWork\Battle-Field-2\trunk\Battle-Field-2\BattleFieldGame\Help\Working\Output\HtmlHelp1\icons\box.gif
C:\Program Files (x86)\EWSoftware\Sandcastle Help File Builder\PresentationStyles\VS2005\icons\Caution.gif -&gt; E:\Telerik\TeamWork\Battle-Field-2\trunk\Battle-Field-2\BattleFieldGame\Help\Working\Output\HtmlHelp1\icons\Caution.gif
C:\Program Files (x86)\EWSoftware\Sandcastle Help File Builder\PresentationStyles\VS2005\icons\CFW.gif -&gt; E:\Telerik\TeamWork\Battle-Field-2\trunk\Battle-Field-2\BattleFieldGame\Help\Working\Output\HtmlHelp1\icons\CFW.gif
C:\Program Files (x86)\EWSoftware\Sandcastle Help File Builder\PresentationStyles\VS2005\icons\collall.gif -&gt; E:\Telerik\TeamWork\Battle-Field-2\trunk\Battle-Field-2\BattleFieldGame\Help\Working\Output\HtmlHelp1\icons\collall.gif
C:\Program Files (x86)\EWSoftware\Sandcastle Help File Builder\PresentationStyles\VS2005\icons\collapse.gif -&gt; E:\Telerik\TeamWork\Battle-Field-2\trunk\Battle-Field-2\BattleFieldGame\Help\Working\Output\HtmlHelp1\icons\collapse.gif
C:\Program Files (x86)\EWSoftware\Sandcastle Help File Builder\PresentationStyles\VS2005\icons\collapse_all.gif -&gt; E:\Telerik\TeamWork\Battle-Field-2\trunk\Battle-Field-2\BattleFieldGame\Help\Working\Output\HtmlHelp1\icons\collapse_all.gif
C:\Program Files (x86)\EWSoftware\Sandcastle Help File Builder\PresentationStyles\VS2005\icons\copycode.gif -&gt; E:\Telerik\TeamWork\Battle-Field-2\trunk\Battle-Field-2\BattleFieldGame\Help\Working\Output\HtmlHelp1\icons\copycode.gif
C:\Program Files (x86)\EWSoftware\Sandcastle Help File Builder\PresentationStyles\VS2005\icons\copycodeHighlight.gif -&gt; E:\Telerik\TeamWork\Battle-Field-2\trunk\Battle-Field-2\BattleFieldGame\Help\Working\Output\HtmlHelp1\icons\copycodeHighlight.gif
C:\Program Files (x86)\EWSoftware\Sandcastle Help File Builder\PresentationStyles\VS2005\icons\dev.gif -&gt; E:\Telerik\TeamWork\Battle-Field-2\trunk\Battle-Field-2\BattleFieldGame\Help\Working\Output\HtmlHelp1\icons\dev.gif
C:\Program Files (x86)\EWSoftware\Sandcastle Help File Builder\PresentationStyles\VS2005\icons\dev_arch.gif -&gt; E:\Telerik\TeamWork\Battle-Field-2\trunk\Battle-Field-2\BattleFieldGame\Help\Working\Output\HtmlHelp1\icons\dev_arch.gif
C:\Program Files (x86)\EWSoftware\Sandcastle Help File Builder\PresentationStyles\VS2005\icons\dropdown.gif -&gt; E:\Telerik\TeamWork\Battle-Field-2\trunk\Battle-Field-2\BattleFieldGame\Help\Working\Output\HtmlHelp1\icons\dropdown.gif
C:\Program Files (x86)\EWSoftware\Sandcastle Help File Builder\PresentationStyles\VS2005\icons\dropdownHover.gif -&gt; E:\Telerik\TeamWork\Battle-Field-2\trunk\Battle-Field-2\BattleFieldGame\Help\Working\Output\HtmlHelp1\icons\dropdownHover.gif
C:\Program Files (x86)\EWSoftware\Sandcastle Help File Builder\PresentationStyles\VS2005\icons\drpdown.gif -&gt; E:\Telerik\TeamWork\Battle-Field-2\trunk\Battle-Field-2\BattleFieldGame\Help\Working\Output\HtmlHelp1\icons\drpdown.gif
C:\Program Files (x86)\EWSoftware\Sandcastle Help File Builder\PresentationStyles\VS2005\icons\drpdown_orange.gif -&gt; E:\Telerik\TeamWork\Battle-Field-2\trunk\Battle-Field-2\BattleFieldGame\Help\Working\Output\HtmlHelp1\icons\drpdown_orange.gif
C:\Program Files (x86)\EWSoftware\Sandcastle Help File Builder\PresentationStyles\VS2005\icons\drpdown_orange_up.gif -&gt; E:\Telerik\TeamWork\Battle-Field-2\trunk\Battle-Field-2\BattleFieldGame\Help\Working\Output\HtmlHelp1\icons\drpdown_orange_up.gif
C:\Program Files (x86)\EWSoftware\Sandcastle Help File Builder\PresentationStyles\VS2005\icons\drpup.gif -&gt; E:\Telerik\TeamWork\Battle-Field-2\trunk\Battle-Field-2\BattleFieldGame\Help\Working\Output\HtmlHelp1\icons\drpup.gif
C:\Program Files (x86)\EWSoftware\Sandcastle Help File Builder\PresentationStyles\VS2005\icons\exp.gif -&gt; E:\Telerik\TeamWork\Battle-Field-2\trunk\Battle-Field-2\BattleFieldGame\Help\Working\Output\HtmlHelp1\icons\exp.gif
C:\Program Files (x86)\EWSoftware\Sandcastle Help File Builder\PresentationStyles\VS2005\icons\expall.gif -&gt; E:\Telerik\TeamWork\Battle-Field-2\trunk\Battle-Field-2\BattleFieldGame\Help\Working\Output\HtmlHelp1\icons\expall.gif
C:\Program Files (x86)\EWSoftware\Sandcastle Help File Builder\PresentationStyles\VS2005\icons\expand_all.gif -&gt; E:\Telerik\TeamWork\Battle-Field-2\trunk\Battle-Field-2\BattleFieldGame\Help\Working\Output\HtmlHelp1\icons\expand_all.gif
C:\Program Files (x86)\EWSoftware\Sandcastle Help File Builder\PresentationStyles\VS2005\icons\filter1a.gif -&gt; E:\Telerik\TeamWork\Battle-Field-2\trunk\Battle-Field-2\BattleFieldGame\Help\Working\Output\HtmlHelp1\icons\filter1a.gif
C:\Program Files (x86)\EWSoftware\Sandcastle Help File Builder\PresentationStyles\VS2005\icons\filter1c.gif -&gt; E:\Telerik\TeamWork\Battle-Field-2\trunk\Battle-Field-2\BattleFieldGame\Help\Working\Output\HtmlHelp1\icons\filter1c.gif
C:\Program Files (x86)\EWSoftware\Sandcastle Help File Builder\PresentationStyles\VS2005\icons\footer.gif -&gt; E:\Telerik\TeamWork\Battle-Field-2\trunk\Battle-Field-2\BattleFieldGame\Help\Working\Output\HtmlHelp1\icons\footer.gif
C:\Program Files (x86)\EWSoftware\Sandcastle Help File Builder\PresentationStyles\VS2005\icons\gradient.gif -&gt; E:\Telerik\TeamWork\Battle-Field-2\trunk\Battle-Field-2\BattleFieldGame\Help\Working\Output\HtmlHelp1\icons\gradient.gif
C:\Program Files (x86)\EWSoftware\Sandcastle Help File Builder\PresentationStyles\VS2005\icons\greencheck.gif -&gt; E:\Telerik\TeamWork\Battle-Field-2\trunk\Battle-Field-2\BattleFieldGame\Help\Working\Output\HtmlHelp1\icons\greencheck.gif
C:\Program Files (x86)\EWSoftware\Sandcastle Help File Builder\PresentationStyles\VS2005\icons\greychck.gif -&gt; E:\Telerik\TeamWork\Battle-Field-2\trunk\Battle-Field-2\BattleFieldGame\Help\Working\Output\HtmlHelp1\icons\greychck.gif
C:\Program Files (x86)\EWSoftware\Sandcastle Help File Builder\PresentationStyles\VS2005\icons\header_prev_next.jpg -&gt; E:\Telerik\TeamWork\Battle-Field-2\trunk\Battle-Field-2\BattleFieldGame\Help\Working\Output\HtmlHelp1\icons\header_prev_next.jpg
C:\Program Files (x86)\EWSoftware\Sandcastle Help File Builder\PresentationStyles\VS2005\icons\header_sql_tutorial_blank.jpg -&gt; E:\Telerik\TeamWork\Battle-Field-2\trunk\Battle-Field-2\BattleFieldGame\Help\Working\Output\HtmlHelp1\icons\header_sql_tutorial_blank.jpg
C:\Program Files (x86)\EWSoftware\Sandcastle Help File Builder\PresentationStyles\VS2005\icons\header_sql_tutorial_logo.GIF -&gt; E:\Telerik\TeamWork\Battle-Field-2\trunk\Battle-Field-2\BattleFieldGame\Help\Working\Output\HtmlHelp1\icons\header_sql_tutorial_logo.GIF
C:\Program Files (x86)\EWSoftware\Sandcastle Help File Builder\PresentationStyles\VS2005\icons\kw.gif -&gt; E:\Telerik\TeamWork\Battle-Field-2\trunk\Battle-Field-2\BattleFieldGame\Help\Working\Output\HtmlHelp1\icons\kw.gif
C:\Program Files (x86)\EWSoftware\Sandcastle Help File Builder\PresentationStyles\VS2005\icons\kw_adm.gif -&gt; E:\Telerik\TeamWork\Battle-Field-2\trunk\Battle-Field-2\BattleFieldGame\Help\Working\Output\HtmlHelp1\icons\kw_adm.gif
C:\Program Files (x86)\EWSoftware\Sandcastle Help File Builder\PresentationStyles\VS2005\icons\kw_adm_arch.gif -&gt; E:\Telerik\TeamWork\Battle-Field-2\trunk\Battle-Field-2\BattleFieldGame\Help\Working\Output\HtmlHelp1\icons\kw_adm_arch.gif
C:\Program Files (x86)\EWSoftware\Sandcastle Help File Builder\PresentationStyles\VS2005\icons\kw_adm_dev.gif -&gt; E:\Telerik\TeamWork\Battle-Field-2\trunk\Battle-Field-2\BattleFieldGame\Help\Working\Output\HtmlHelp1\icons\kw_adm_dev.gif
C:\Program Files (x86)\EWSoftware\Sandcastle Help File Builder\PresentationStyles\VS2005\icons\kw_adm_dev_arch.gif -&gt; E:\Telerik\TeamWork\Battle-Field-2\trunk\Battle-Field-2\BattleFieldGame\Help\Working\Output\HtmlHelp1\icons\kw_adm_dev_arch.gif
C:\Program Files (x86)\EWSoftware\Sandcastle Help File Builder\PresentationStyles\VS2005\icons\kw_arch.gif -&gt; E:\Telerik\TeamWork\Battle-Field-2\trunk\Battle-Field-2\BattleFieldGame\Help\Working\Output\HtmlHelp1\icons\kw_arch.gif
C:\Program Files (x86)\EWSoftware\Sandcastle Help File Builder\PresentationStyles\VS2005\icons\kw_dev.gif -&gt; E:\Telerik\TeamWork\Battle-Field-2\trunk\Battle-Field-2\BattleFieldGame\Help\Working\Output\HtmlHelp1\icons\kw_dev.gif
C:\Program Files (x86)\EWSoftware\Sandcastle Help File Builder\PresentationStyles\VS2005\icons\kw_dev_arch.gif -&gt; E:\Telerik\TeamWork\Battle-Field-2\trunk\Battle-Field-2\BattleFieldGame\Help\Working\Output\HtmlHelp1\icons\kw_dev_arch.gif
C:\Program Files (x86)\EWSoftware\Sandcastle Help File Builder\PresentationStyles\VS2005\icons\LastChild.gif -&gt; E:\Telerik\TeamWork\Battle-Field-2\trunk\Battle-Field-2\BattleFieldGame\Help\Working\Output\HtmlHelp1\icons\LastChild.gif
C:\Program Files (x86)\EWSoftware\Sandcastle Help File Builder\PresentationStyles\VS2005\icons\load.gif -&gt; E:\Telerik\TeamWork\Battle-Field-2\trunk\Battle-Field-2\BattleFieldGame\Help\Working\Output\HtmlHelp1\icons\load.gif
C:\Program Files (x86)\EWSoftware\Sandcastle Help File Builder\PresentationStyles\VS2005\icons\load_hover.gif -&gt; E:\Telerik\TeamWork\Battle-Field-2\trunk\Battle-Field-2\BattleFieldGame\Help\Working\Output\HtmlHelp1\icons\load_hover.gif
C:\Program Files (x86)\EWSoftware\Sandcastle Help File Builder\PresentationStyles\VS2005\icons\note.gif -&gt; E:\Telerik\TeamWork\Battle-Field-2\trunk\Battle-Field-2\BattleFieldGame\Help\Working\Output\HtmlHelp1\icons\note.gif
C:\Program Files (x86)\EWSoftware\Sandcastle Help File Builder\PresentationStyles\VS2005\icons\pencil.GIF -&gt; E:\Telerik\TeamWork\Battle-Field-2\trunk\Battle-Field-2\BattleFieldGame\Help\Working\Output\HtmlHelp1\icons\pencil.GIF
C:\Program Files (x86)\EWSoftware\Sandcastle Help File Builder\PresentationStyles\VS2005\icons\privclass.gif -&gt; E:\Telerik\TeamWork\Battle-Field-2\trunk\Battle-Field-2\BattleFieldGame\Help\Working\Output\HtmlHelp1\icons\privclass.gif
C:\Program Files (x86)\EWSoftware\Sandcastle Help File Builder\PresentationStyles\VS2005\icons\privdelegate.gif -&gt; E:\Telerik\TeamWork\Battle-Field-2\trunk\Battle-Field-2\BattleFieldGame\Help\Working\Output\HtmlHelp1\icons\privdelegate.gif
C:\Program Files (x86)\EWSoftware\Sandcastle Help File Builder\PresentationStyles\VS2005\icons\privenum.gif -&gt; E:\Telerik\TeamWork\Battle-Field-2\trunk\Battle-Field-2\BattleFieldGame\Help\Working\Output\HtmlHelp1\icons\privenum.gif
C:\Program Files (x86)\EWSoftware\Sandcastle Help File Builder\PresentationStyles\VS2005\icons\privenumeration.gif -&gt; E:\Telerik\TeamWork\Battle-Field-2\trunk\Battle-Field-2\BattleFieldGame\Help\Working\Output\HtmlHelp1\icons\privenumeration.gif
C:\Program Files (x86)\EWSoftware\Sandcastle Help File Builder\PresentationStyles\VS2005\icons\privevent.gif -&gt; E:\Telerik\TeamWork\Battle-Field-2\trunk\Battle-Field-2\BattleFieldGame\Help\Working\Output\HtmlHelp1\icons\privevent.gif
C:\Program Files (x86)\EWSoftware\Sandcastle Help File Builder\PresentationStyles\VS2005\icons\privextension.gif -&gt; E:\Telerik\TeamWork\Battle-Field-2\trunk\Battle-Field-2\BattleFieldGame\Help\Working\Output\HtmlHelp1\icons\privextension.gif
C:\Program Files (x86)\EWSoftware\Sandcastle Help File Builder\PresentationStyles\VS2005\icons\privfield.gif -&gt; E:\Telerik\TeamWork\Battle-Field-2\trunk\Battle-Field-2\BattleFieldGame\Help\Working\Output\HtmlHelp1\icons\privfield.gif
C:\Program Files (x86)\EWSoftware\Sandcastle Help File Builder\PresentationStyles\VS2005\icons\privinterface.gif -&gt; E:\Telerik\TeamWork\Battle-Field-2\trunk\Battle-Field-2\BattleFieldGame\Help\Working\Output\HtmlHelp1\icons\privinterface.gif
C:\Program Files (x86)\EWSoftware\Sandcastle Help File Builder\PresentationStyles\VS2005\icons\privmethod.gif -&gt; E:\Telerik\TeamWork\Battle-Field-2\trunk\Battle-Field-2\BattleFieldGame\Help\Working\Output\HtmlHelp1\icons\privmethod.gif
C:\Program Files (x86)\EWSoftware\Sandcastle Help File Builder\PresentationStyles\VS2005\icons\privproperty.gif -&gt; E:\Telerik\TeamWork\Battle-Field-2\trunk\Battle-Field-2\BattleFieldGame\Help\Working\Output\HtmlHelp1\icons\privproperty.gif
C:\Program Files (x86)\EWSoftware\Sandcastle Help File Builder\PresentationStyles\VS2005\icons\privstructure.gif -&gt; E:\Telerik\TeamWork\Battle-Field-2\trunk\Battle-Field-2\BattleFieldGame\Help\Working\Output\HtmlHelp1\icons\privstructure.gif
C:\Program Files (x86)\EWSoftware\Sandcastle Help File Builder\PresentationStyles\VS2005\icons\protclass.gif -&gt; E:\Telerik\TeamWork\Battle-Field-2\trunk\Battle-Field-2\BattleFieldGame\Help\Working\Output\HtmlHelp1\icons\protclass.gif
C:\Program Files (x86)\EWSoftware\Sandcastle Help File Builder\PresentationStyles\VS2005\icons\protdelegate.gif -&gt; E:\Telerik\TeamWork\Battle-Field-2\trunk\Battle-Field-2\BattleFieldGame\Help\Working\Output\HtmlHelp1\icons\protdelegate.gif
C:\Program Files (x86)\EWSoftware\Sandcastle Help File Builder\PresentationStyles\VS2005\icons\protenum.gif -&gt; E:\Telerik\TeamWork\Battle-Field-2\trunk\Battle-Field-2\BattleFieldGame\Help\Working\Output\HtmlHelp1\icons\protenum.gif
C:\Program Files (x86)\EWSoftware\Sandcastle Help File Builder\PresentationStyles\VS2005\icons\protenumeration.gif -&gt; E:\Telerik\TeamWork\Battle-Field-2\trunk\Battle-Field-2\BattleFieldGame\Help\Working\Output\HtmlHelp1\icons\protenumeration.gif
C:\Program Files (x86)\EWSoftware\Sandcastle Help File Builder\PresentationStyles\VS2005\icons\protevent.gif -&gt; E:\Telerik\TeamWork\Battle-Field-2\trunk\Battle-Field-2\BattleFieldGame\Help\Working\Output\HtmlHelp1\icons\protevent.gif
C:\Program Files (x86)\EWSoftware\Sandcastle Help File Builder\PresentationStyles\VS2005\icons\protextension.gif -&gt; E:\Telerik\TeamWork\Battle-Field-2\trunk\Battle-Field-2\BattleFieldGame\Help\Working\Output\HtmlHelp1\icons\protextension.gif
C:\Program Files (x86)\EWSoftware\Sandcastle Help File Builder\PresentationStyles\VS2005\icons\protfield.gif -&gt; E:\Telerik\TeamWork\Battle-Field-2\trunk\Battle-Field-2\BattleFieldGame\Help\Working\Output\HtmlHelp1\icons\protfield.gif
C:\Program Files (x86)\EWSoftware\Sandcastle Help File Builder\PresentationStyles\VS2005\icons\protinterface.gif -&gt; E:\Telerik\TeamWork\Battle-Field-2\trunk\Battle-Field-2\BattleFieldGame\Help\Working\Output\HtmlHelp1\icons\protinterface.gif
C:\Program Files (x86)\EWSoftware\Sandcastle Help File Builder\PresentationStyles\VS2005\icons\protmethod.gif -&gt; E:\Telerik\TeamWork\Battle-Field-2\trunk\Battle-Field-2\BattleFieldGame\Help\Working\Output\HtmlHelp1\icons\protmethod.gif
C:\Program Files (x86)\EWSoftware\Sandcastle Help File Builder\PresentationStyles\VS2005\icons\protoperator.gif -&gt; E:\Telerik\TeamWork\Battle-Field-2\trunk\Battle-Field-2\BattleFieldGame\Help\Working\Output\HtmlHelp1\icons\protoperator.gif
C:\Program Files (x86)\EWSoftware\Sandcastle Help File Builder\PresentationStyles\VS2005\icons\protproperty.gif -&gt; E:\Telerik\TeamWork\Battle-Field-2\trunk\Battle-Field-2\BattleFieldGame\Help\Working\Output\HtmlHelp1\icons\protproperty.gif
C:\Program Files (x86)\EWSoftware\Sandcastle Help File Builder\PresentationStyles\VS2005\icons\protstructure.gif -&gt; E:\Telerik\TeamWork\Battle-Field-2\trunk\Battle-Field-2\BattleFieldGame\Help\Working\Output\HtmlHelp1\icons\protstructure.gif
C:\Program Files (x86)\EWSoftware\Sandcastle Help File Builder\PresentationStyles\VS2005\icons\pubclass.gif -&gt; E:\Telerik\TeamWork\Battle-Field-2\trunk\Battle-Field-2\BattleFieldGame\Help\Working\Output\HtmlHelp1\icons\pubclass.gif
C:\Program Files (x86)\EWSoftware\Sandcastle Help File Builder\PresentationStyles\VS2005\icons\pubdelegate.gif -&gt; E:\Telerik\TeamWork\Battle-Field-2\trunk\Battle-Field-2\BattleFieldGame\Help\Working\Output\HtmlHelp1\icons\pubdelegate.gif
C:\Program Files (x86)\EWSoftware\Sandcastle Help File Builder\PresentationStyles\VS2005\icons\pubenum.gif -&gt; E:\Telerik\TeamWork\Battle-Field-2\trunk\Battle-Field-2\BattleFieldGame\Help\Working\Output\HtmlHelp1\icons\pubenum.gif
C:\Program Files (x86)\EWSoftware\Sandcastle Help File Builder\PresentationStyles\VS2005\icons\pubenumeration.gif -&gt; E:\Telerik\TeamWork\Battle-Field-2\trunk\Battle-Field-2\BattleFieldGame\Help\Working\Output\HtmlHelp1\icons\pubenumeration.gif
C:\Program Files (x86)\EWSoftware\Sandcastle Help File Builder\PresentationStyles\VS2005\icons\pubevent.gif -&gt; E:\Telerik\TeamWork\Battle-Field-2\trunk\Battle-Field-2\BattleFieldGame\Help\Working\Output\HtmlHelp1\icons\pubevent.gif
C:\Program Files (x86)\EWSoftware\Sandcastle Help File Builder\PresentationStyles\VS2005\icons\pubextension.gif -&gt; E:\Telerik\TeamWork\Battle-Field-2\trunk\Battle-Field-2\BattleFieldGame\Help\Working\Output\HtmlHelp1\icons\pubextension.gif
C:\Program Files (x86)\EWSoftware\Sandcastle Help File Builder\PresentationStyles\VS2005\icons\pubfield.gif -&gt; E:\Telerik\TeamWork\Battle-Field-2\trunk\Battle-Field-2\BattleFieldGame\Help\Working\Output\HtmlHelp1\icons\pubfield.gif
C:\Program Files (x86)\EWSoftware\Sandcastle Help File Builder\PresentationStyles\VS2005\icons\pubinterface.gif -&gt; E:\Telerik\TeamWork\Battle-Field-2\trunk\Battle-Field-2\BattleFieldGame\Help\Working\Output\HtmlHelp1\icons\pubinterface.gif
C:\Program Files (x86)\EWSoftware\Sandcastle Help File Builder\PresentationStyles\VS2005\icons\pubmethod.gif -&gt; E:\Telerik\TeamWork\Battle-Field-2\trunk\Battle-Field-2\BattleFieldGame\Help\Working\Output\HtmlHelp1\icons\pubmethod.gif
C:\Program Files (x86)\EWSoftware\Sandcastle Help File Builder\PresentationStyles\VS2005\icons\puboperator.gif -&gt; E:\Telerik\TeamWork\Battle-Field-2\trunk\Battle-Field-2\BattleFieldGame\Help\Working\Output\HtmlHelp1\icons\puboperator.gif
C:\Program Files (x86)\EWSoftware\Sandcastle Help File Builder\PresentationStyles\VS2005\icons\pubproperty.gif -&gt; E:\Telerik\TeamWork\Battle-Field-2\trunk\Battle-Field-2\BattleFieldGame\Help\Working\Output\HtmlHelp1\icons\pubproperty.gif
C:\Program Files (x86)\EWSoftware\Sandcastle Help File Builder\PresentationStyles\VS2005\icons\pubstructure.gif -&gt; E:\Telerik\TeamWork\Battle-Field-2\trunk\Battle-Field-2\BattleFieldGame\Help\Working\Output\HtmlHelp1\icons\pubstructure.gif
C:\Program Files (x86)\EWSoftware\Sandcastle Help File Builder\PresentationStyles\VS2005\icons\requirements1a.gif -&gt; E:\Telerik\TeamWork\Battle-Field-2\trunk\Battle-Field-2\BattleFieldGame\Help\Working\Output\HtmlHelp1\icons\requirements1a.gif
C:\Program Files (x86)\EWSoftware\Sandcastle Help File Builder\PresentationStyles\VS2005\icons\requirements1c.gif -&gt; E:\Telerik\TeamWork\Battle-Field-2\trunk\Battle-Field-2\BattleFieldGame\Help\Working\Output\HtmlHelp1\icons\requirements1c.gif
C:\Program Files (x86)\EWSoftware\Sandcastle Help File Builder\PresentationStyles\VS2005\icons\save.gif -&gt; E:\Telerik\TeamWork\Battle-Field-2\trunk\Battle-Field-2\BattleFieldGame\Help\Working\Output\HtmlHelp1\icons\save.gif
C:\Program Files (x86)\EWSoftware\Sandcastle Help File Builder\PresentationStyles\VS2005\icons\save_hover.gif -&gt; E:\Telerik\TeamWork\Battle-Field-2\trunk\Battle-Field-2\BattleFieldGame\Help\Working\Output\HtmlHelp1\icons\save_hover.gif
C:\Program Files (x86)\EWSoftware\Sandcastle Help File Builder\PresentationStyles\VS2005\icons\security.gif -&gt; E:\Telerik\TeamWork\Battle-Field-2\trunk\Battle-Field-2\BattleFieldGame\Help\Working\Output\HtmlHelp1\icons\security.gif
C:\Program Files (x86)\EWSoftware\Sandcastle Help File Builder\PresentationStyles\VS2005\icons\seealso1a.gif -&gt; E:\Telerik\TeamWork\Battle-Field-2\trunk\Battle-Field-2\BattleFieldGame\Help\Working\Output\HtmlHelp1\icons\seealso1a.gif
C:\Program Files (x86)\EWSoftware\Sandcastle Help File Builder\PresentationStyles\VS2005\icons\seealso1c.gif -&gt; E:\Telerik\TeamWork\Battle-Field-2\trunk\Battle-Field-2\BattleFieldGame\Help\Working\Output\HtmlHelp1\icons\seealso1c.gif
C:\Program Files (x86)\EWSoftware\Sandcastle Help File Builder\PresentationStyles\VS2005\icons\slMobile.gif -&gt; E:\Telerik\TeamWork\Battle-Field-2\trunk\Battle-Field-2\BattleFieldGame\Help\Working\Output\HtmlHelp1\icons\slMobile.gif
C:\Program Files (x86)\EWSoftware\Sandcastle Help File Builder\PresentationStyles\VS2005\icons\static.gif -&gt; E:\Telerik\TeamWork\Battle-Field-2\trunk\Battle-Field-2\BattleFieldGame\Help\Working\Output\HtmlHelp1\icons\static.gif
C:\Program Files (x86)\EWSoftware\Sandcastle Help File Builder\PresentationStyles\VS2005\icons\xna.gif -&gt; E:\Telerik\TeamWork\Battle-Field-2\trunk\Battle-Field-2\BattleFieldGame\Help\Working\Output\HtmlHelp1\icons\xna.gif
C:\Program Files (x86)\EWSoftware\Sandcastle Help File Builder\PresentationStyles\VS2005\scripts\CheckboxMenu.js -&gt; E:\Telerik\TeamWork\Battle-Field-2\trunk\Battle-Field-2\BattleFieldGame\Help\Working\Output\HtmlHelp1\scripts\CheckboxMenu.js
C:\Program Files (x86)\EWSoftware\Sandcastle Help File Builder\PresentationStyles\VS2005\scripts\CommonUtilities.js -&gt; E:\Telerik\TeamWork\Battle-Field-2\trunk\Battle-Field-2\BattleFieldGame\Help\Working\Output\HtmlHelp1\scripts\CommonUtilities.js
C:\Program Files (x86)\EWSoftware\Sandcastle Help File Builder\PresentationStyles\VS2005\scripts\Dropdown.js -&gt; E:\Telerik\TeamWork\Battle-Field-2\trunk\Battle-Field-2\BattleFieldGame\Help\Working\Output\HtmlHelp1\scripts\Dropdown.js
C:\Program Files (x86)\EWSoftware\Sandcastle Help File Builder\PresentationStyles\VS2005\scripts\EventUtilities.js -&gt; E:\Telerik\TeamWork\Battle-Field-2\trunk\Battle-Field-2\BattleFieldGame\Help\Working\Output\HtmlHelp1\scripts\EventUtilities.js
C:\Program Files (x86)\EWSoftware\Sandcastle Help File Builder\PresentationStyles\VS2005\scripts\script_feedBack.js -&gt; E:\Telerik\TeamWork\Battle-Field-2\trunk\Battle-Field-2\BattleFieldGame\Help\Working\Output\HtmlHelp1\scripts\script_feedBack.js
C:\Program Files (x86)\EWSoftware\Sandcastle Help File Builder\PresentationStyles\VS2005\scripts\script_manifold.js -&gt; E:\Telerik\TeamWork\Battle-Field-2\trunk\Battle-Field-2\BattleFieldGame\Help\Working\Output\HtmlHelp1\scripts\script_manifold.js
C:\Program Files (x86)\EWSoftware\Sandcastle Help File Builder\PresentationStyles\VS2005\scripts\SplitScreen.js -&gt; E:\Telerik\TeamWork\Battle-Field-2\trunk\Battle-Field-2\BattleFieldGame\Help\Working\Output\HtmlHelp1\scripts\SplitScreen.js
C:\Program Files (x86)\EWSoftware\Sandcastle Help File Builder\PresentationStyles\VS2005\styles\Presentation.css -&gt; E:\Telerik\TeamWork\Battle-Field-2\trunk\Battle-Field-2\BattleFieldGame\Help\Working\Output\HtmlHelp1\styles\Presentation.css
    Last step completed in 00:00:01.6091
</buildStep>
<buildStep step="GenerateHelpFormatTableOfContents">
Generating HTML Help 1 table of contents file...
    Last step completed in 00:00:00.0040
</buildStep>
<buildStep step="GenerateHelpFileIndex">
Generating HTML Help 1 index file...
    Last step completed in 00:00:00.0040
</buildStep>
<buildStep step="GenerateHelpProject">
Generating HTML Help 1 project file...
    Last step completed in 00:00:00.0120
</buildStep>
<buildStep step="CompilingHelpFile">
Compiling HTML Help 1 file...
[C:\Windows\Microsoft.NET\Framework64\v4.0.30319\MSBuild.exe]
  Microsoft HTML Help Compiler 4.74.8702
  
  
  
  Compiling e:\Telerik\TeamWork\Battle-Field-2\trunk\Battle-Field-2\BattleFieldGame\Help\Working\Output\HtmlHelp1\Documentation.chm
  
  
  
  
  
  Compile time: 0 minutes, 4 seconds
  
  163	Topics
  
  1,913	Local links
  
  516	Internet links
  
  0	Graphics
  
  
  
  
  
  Created e:\Telerik\TeamWork\Battle-Field-2\trunk\Battle-Field-2\BattleFieldGame\Help\Working\Output\HtmlHelp1\Documentation.chm, 305,025 bytes
  
  Compression decreased file by 2,054,254 bytes.
  
    Last step completed in 00:00:07.3838
</buildStep>
<buildStep step="CleanIntermediates">
Removing intermediate files...
    Last step completed in 00:00:00.1864
</buildStep>
<buildStep step="Completed">

Build completed successfully at 07.27.2014 10:54 .  Total time: 00:01:03.6987

</buildStep>
</shfbBuild>
